\BOOKMARK [1][-]{section.1}{\376\377\154\210\124\021\155\013\142\200\147\057\174\173\213\272\145\207\123\101\225\356}{}% 1
\BOOKMARK [1][-]{section.2}{\376\377\145\160\143\156\226\306\124\214\135\345\121\167\173\261}{}% 2
\BOOKMARK [2][-]{subsection.2.1}{\376\377\000O\000p\000e\000n\000N\000e\000u\000r\000o}{section.2}% 3
\BOOKMARK [2][-]{subsection.2.2}{\376\377\000A\000l\000l\000e\000n\000\040\000B\000r\000a\000i\000n\000\040\000M\000a\000p}{section.2}% 4
\BOOKMARK [2][-]{subsection.2.3}{\376\377\000C\000R\000C\000N\000S}{section.2}% 5
\BOOKMARK [2][-]{subsection.2.4}{\376\377\000N\000e\000u\000r\000o\000R\000A}{section.2}% 6
\BOOKMARK [2][-]{subsection.2.5}{\376\377\000B\000r\000a\000i\000n\000l\000i\000f\000e}{section.2}% 7
\BOOKMARK [2][-]{subsection.2.6}{\376\377\000P\000y\000M\000V\000P\000A}{section.2}% 8
\BOOKMARK [2][-]{subsection.2.7}{\376\377\000E\000a\000s\000y\000\040\000f\000M\000R\000I}{section.2}% 9
\BOOKMARK [2][-]{subsection.2.8}{\376\377\000N\000a\000t\000u\000r\000a\000l\000\040\000S\000c\000e\000n\000e\000s\000\040\000D\000a\000t\000a\000s\000e\000t\145\160\143\156\226\306\000A\000l\000l\000e\000n\0002\0000\0002\0002}{section.2}% 10
\BOOKMARK [2][-]{subsection.2.9}{\376\377\000A\000l\000g\000o\000n\000a\000u\000t\000s\000\040\000P\000r\000o\000j\000e\000c\000t\000\040\0002\0000\0002\0003\000:\000\040\000B\000r\000a\000i\000n\000\040\000D\000a\000t\000a}{section.2}% 11
\BOOKMARK [2][-]{subsection.2.10}{\376\377\000O\000p\000e\000n\000N\000e\000u\000r\000o\0002\0000\0001\0008\136\164\000\040\000V\000i\000s\000u\000a\000l\000\040\000i\000m\000a\000g\000e\000\040\000r\000e\000c\000o\000n\000s\000t\000r\000u\000c\000t\000i\000o\000n}{section.2}% 12
\BOOKMARK [2][-]{subsection.2.11}{\376\377\000O\000p\000e\000n\000N\000e\000u\000r\000o\0002\0000\0002\0000\136\164\000\040\000D\000e\000e\000p\000\040\000I\000m\000a\000g\000e\000\040\000R\000e\000c\000o\000n\000s\000t\000r\000u\000c\000t\000i\000o\000n}{section.2}% 13
\BOOKMARK [2][-]{subsection.2.12}{\376\377\000O\000p\000e\000n\000N\000e\000u\000r\000o\0002\0000\0002\0002\136\164\000\040\000A\000n\000\040\000f\000M\000R\000I\000\040\000D\000a\000t\000a\000s\000e\000t\000\040\000f\000o\000r\000\040\000C\000o\000n\000c\000e\000p\000t\000\040\000R\000e\000p\000r\000e\000s\000e\000n\000t\000a\000t\000i\000o\000n\000\040\000w\000i\000t\000h\000\040\000s\000e\000m\000a\000n\000t\000i\000c\000\040\000f\000e\000a\000t\000u\000r\000e\000\040\000a\000n\000n\000o\000t\000a\000t\000i\000o\000n\000s}{section.2}% 14
\BOOKMARK [2][-]{subsection.2.13}{\376\377\000O\000p\000e\000n\000N\000e\000u\000r\000o\0002\0000\0002\0002\136\164\000\040\000T\000H\000I\000N\000G\000S\000-\000f\000M\000R\000I}{section.2}% 15
\BOOKMARK [2][-]{subsection.2.14}{\376\377\000O\000p\000e\000n\000N\000e\000u\000r\000o\0002\0000\0002\0002\136\164\000\040\000T\000h\000i\000n\000g\000s\000-\000E\000E\000G\000\040\000H\000u\000m\000a\000n\000\040\000e\000l\000e\000c\000t\000r\000o\000e\000n\000c\000e\000p\000h\000a\000l\000o\000g\000r\000a\000p\000h\000y\000\040\000r\000e\000c\000o\000r\000d\000i\000n\000g\000s\000\040\000f\000r\000o\000m\000\040\0005\0000\000\040\000s\000u\000b\000j\000e\000c\000t\000s\000\040\000f\000o\000r\000\040\0002\0002\0002\0004\0008\000\040\000i\000m\000a\000g\000e\000s\000\040\000f\000r\000o\000m\000\040\0001\0008\0005\0004\000\040\000o\000b\000j\000e\000c\000t\000\040\000c\000o\000n\000c\000e\000p\000t\000s}{section.2}% 16
\BOOKMARK [2][-]{subsection.2.15}{\376\377\000O\000p\000e\000n\000N\000e\000u\000r\000o\0002\0000\0002\0003\136\164\000\040\000A\000\040\000l\000a\000r\000g\000e\000-\000s\000c\000a\000l\000e\000\040\000f\000M\000R\000I\000\040\000d\000a\000t\000a\000s\000e\000t\000\040\000f\000o\000r\000\040\000t\000h\000e\000\040\000v\000i\000s\000u\000a\000l\000\040\000p\000r\000o\000c\000e\000s\000s\000i\000n\000g\000\040\000o\000f\000\040\000n\000a\000t\000u\000r\000a\000l\000i\000s\000t\000i\000c\000\040\000s\000c\000e\000n\000e\000s}{section.2}% 17
\BOOKMARK [2][-]{subsection.2.16}{\376\377\000O\000p\000e\000n\000N\000e\000u\000r\000o\0002\0000\0002\0003\136\164\000\040\000A\000n\000\040\000f\000M\000R\000I\000\040\000d\000a\000t\000a\000s\000e\000t\000\040\000f\000o\000r\000\040\000t\000e\000s\000t\000i\000n\000g\000\040\000s\000e\000m\000a\000n\000t\000i\000c\000\040\000l\000a\000n\000g\000u\000a\000g\000e\000\040\000d\000e\000c\000o\000d\000e\000r\000s}{section.2}% 18
\BOOKMARK [2][-]{subsection.2.17}{\376\377\000O\000p\000e\000n\000N\000e\000u\000r\000o\0002\0000\0002\0003\136\164\000\040\000R\000a\000w\000\040\000d\000a\000t\000a\000\040\000f\000o\000r\000\040\000E\000n\000g\000a\000g\000i\000n\000g\000\040\000i\000n\000\040\000w\000o\000r\000d\000\040\000r\000e\000c\000o\000g\000n\000i\000t\000i\000o\000n\000\040\000e\000l\000i\000c\000i\000t\000s\000\040\000h\000i\000g\000h\000l\000y\000\040\000s\000p\000e\000c\000i\000f\000i\000c\000\040\000m\000o\000d\000u\000l\000a\000t\000i\000o\000n\000s\000\040\000i\000n\000\040\000v\000i\000s\000u\000a\000l\000\040\000c\000o\000r\000t\000e\000x}{section.2}% 19
\BOOKMARK [1][-]{section.3}{\376\377\176\374\217\360\174\173}{}% 20
\BOOKMARK [2][-]{subsection.3.1}{\376\377\0002\0000\0002\0002\136\164\0001\0000\147\010\000\040\116\015\124\014\171\136\176\317\213\260\137\125\145\271\137\017\124\214\145\271\154\325\116\013\166\204\211\306\211\311\117\341\140\157\166\204\171\136\176\317\211\343\170\001\000Z\000h\000a\000n\000g\0002\0000\0002\0002\000N\000e\000u\000r\000a\000l\000D\000O}{section.3}% 21
\BOOKMARK [2][-]{subsection.3.2}{\376\377\0002\0000\0002\0003\136\164\0007\147\010\000\040\123\073\133\146\126\376\120\317\143\317\217\360\176\374\217\360\377\032\177\026\170\001\060\001\211\343\170\001\123\312\147\000\145\260\217\333\134\125\000Z\000h\000u\0002\0000\0002\0003\000J\000o\000I\000G}{section.3}% 22
\BOOKMARK [1][-]{section.4}{\376\377\142\200\147\057\174\173}{}% 23
\BOOKMARK [2][-]{subsection.4.1}{\376\377\0002\0000\0002\0003\136\164\0003\147\010\000\040\116\316\116\272\201\021\155\073\122\250\116\055\122\051\165\050\226\220\137\017\142\151\145\143\152\041\127\213\217\333\210\114\232\330\122\006\217\250\163\207\126\376\120\317\221\315\136\372\000t\000a\000k\000a\000g\000i\0002\0000\0002\0003\000h\000i\000g\000h}{section.4}% 24
\BOOKMARK [2][-]{subsection.4.2}{\376\377\0002\0000\0002\0002\136\164\0004\147\010\000\040\000O\000p\000e\000n\000A\000I\121\154\123\370\143\320\121\372\166\204\127\372\116\216\000C\000L\000I\000P\152\041\127\213\145\071\217\333\166\204\000D\000A\000L\000L\000\267\000E\000\040\0002\152\041\127\213\000r\000a\000m\000e\000s\000h\0002\0000\0002\0002\000h\000i\000e\000r\000a\000r\000c\000h\000i\000c\000a\000l}{section.4}% 25
\BOOKMARK [2][-]{subsection.4.3}{\376\377\0002\0000\0002\0003\136\164\0005\147\010\000\040\000M\000i\000n\000d\000E\000y\000e\165\050\133\371\153\324\133\146\116\140\124\214\142\151\145\143\121\110\232\214\147\145\116\316\000f\000M\000R\000I\116\055\221\315\136\372\211\306\211\311\126\376\120\317\000S\000c\000o\000t\000t\000i\0002\0000\0002\0003\000R\000e\000c\000o\000n\000s\000t\000r\000u\000c\000t\000i\000n\000g\000T\000M}{section.4}% 26
\BOOKMARK [2][-]{subsection.4.4}{\376\377\0002\0000\0002\0003\136\164\0001\147\010\000\040\000B\000r\000a\000i\000n\000-\000D\000i\000f\000f\000u\000s\000e\000r\122\051\165\050\157\134\127\050\142\151\145\143\116\316\000f\000M\000R\000I\221\315\136\372\201\352\161\066\127\072\146\157\000o\000z\000c\000e\000l\000i\000k\0002\0000\0002\0003\000n\000a\000t\000u\000r\000a\000l}{section.4}% 27
\BOOKMARK [2][-]{subsection.4.5}{\376\377\0002\0000\0002\0002\136\164\0004\147\010\000\040\127\372\116\216\227\136\117\265\121\145\116\272\201\021\213\260\137\125\166\204\217\336\176\355\213\355\212\000\166\204\213\355\116\111\221\315\136\372\000t\000a\000n\000g\0002\0000\0002\0003}{section.4}% 28
\BOOKMARK [2][-]{subsection.4.6}{\376\377\0002\0000\0002\0003\136\164\0008\147\010\000\040\000A\000l\000g\000o\000n\000a\000u\000t\000s\0002\0000\0002\0003\143\021\142\030\215\133\173\054\116\000\124\015\211\343\121\263\145\271\150\110\000y\000a\000n\000g\0002\0000\0002\0003\000m\000e\000m\000o\000r\000y}{section.4}% 29
\BOOKMARK [2][-]{subsection.4.7}{\376\377\0002\0000\0002\0003\136\164\0008\147\010\000\040\000A\000l\000g\000o\000n\000a\000u\000t\000s\0002\0000\0002\0003\143\021\142\030\215\133\173\054\116\214\124\015\211\343\121\263\145\271\150\110\000A\000d\000e\000l\000i\0002\0000\0002\0003\000.\0000\0008\000.\0000\0002\000.\0005\0005\0001\0007\0004\0003}{section.4}% 30
\BOOKMARK [2][-]{subsection.4.8}{\376\377\0002\0000\0002\0003\136\164\0008\147\010\000\040\000A\000l\000g\000o\000n\000a\000u\000t\000s\0002\0000\0002\0003\143\021\142\030\215\133\173\054\116\011\124\015\211\343\121\263\145\271\150\110\000n\000g\000u\000y\000e\000n\0002\0000\0002\0003\000a\000l\000g\000o\000n\000a\000u\000t\000s}{section.4}% 31
\BOOKMARK [2][-]{subsection.4.9}{\376\377\0002\0000\0002\0002\136\164\000N\000e\000u\000r\000I\000P\000S\000\040\000M\000i\000n\000d\000\040\000R\000e\000a\000d\000e\000r\116\316\131\047\201\021\155\073\122\250\221\315\136\372\131\015\147\102\126\376\120\317\000N\000E\000U\000R\000I\000P\000S\0002\0000\0002\0002\000b\000e\000e\0005\0001\0002\0005\000b}{section.4}% 32
\BOOKMARK [2][-]{subsection.4.10}{\376\377\0002\0000\0002\0003\136\164\000I\000C\000C\000V\000\040\000B\000e\000s\000t\000\040\000P\000a\000p\000e\000r\000\040\124\021\145\207\133\127\122\060\126\376\120\317\166\204\142\151\145\143\152\041\127\213\116\055\155\373\122\240\147\141\116\366\143\247\122\066\000z\000h\000a\000n\000g\0002\0000\0002\0003\000a\000d\000d\000i\000n\000g}{section.4}% 33
\BOOKMARK [2][-]{subsection.4.11}{\376\377\0002\0000\0002\0003\136\164\000N\000e\000u\000r\000I\000P\000S\000\040\000O\000r\000a\000l\165\050\116\216\211\306\211\311\143\242\175\042\166\204\131\047\201\021\142\151\145\143\152\041\127\213\377\032\117\177\165\050\131\047\211\304\152\041\165\037\142\020\152\041\127\213\166\204\166\256\134\102\123\321\163\260\000l\000u\000o\0002\0000\0002\0003\000b\000r\000a\000i\000n}{section.4}% 34
\BOOKMARK [2][-]{subsection.4.12}{\376\377\0002\0000\0002\0004\136\164\000I\000C\000L\000R\000\040\000B\000r\000a\000i\000n\000S\000C\000U\000B\000A\000:\000\040\211\306\166\256\134\102\220\011\142\351\140\047\166\204\176\306\174\222\136\246\201\352\161\066\213\355\212\000\145\207\147\054\000l\000u\000o\0002\0000\0002\0003\000b\000r\000a\000i\000n\000s\000c\000u\000b\000a}{section.4}% 35
\BOOKMARK [2][-]{subsection.4.13}{\376\377\000t\000i\000t\000l\000e}{section.4}% 36
\BOOKMARK [2][-]{subsection.4.14}{\376\377\000t\000i\000t\000l\000e}{section.4}% 37
\BOOKMARK [1][-]{section.5}{\376\377\142\245\124\112\174\173}{}% 38
\BOOKMARK [2][-]{subsection.5.1}{\376\377\127\372\116\216\000N\000e\000R\000F\166\204\116\011\176\364\211\306\211\311\136\164\136\246\217\333\134\125\142\245\124\112\000\040\122\030\160\350\145\214\000\050\156\005\123\116\131\047\133\146\000\051\000\040\0002\0000\0002\0003\136\164\0006\147\010\0001\0004\145\345}{section.5}% 39
\BOOKMARK [1][-]{appendix.a.A}{\376\377\226\104\137\125\150\007\230\230}{}% 40
